<?xml version="1.0" encoding="UTF-8"?>
<!-- Generated by org.testng.reporters.JUnitXMLReporter -->
<testsuite ignored="0" hostname="Sebastians-MBP" failures="1" tests="1" name="Add Contact_Delete Contact" time="2.83" errors="0" timestamp="04 Mar 2021 23:31:43 GMT">
  <testcase classname="com.console.RunScript" name="runScript" time="2.829">
    <failure type="java.lang.AssertionError" message="Cucumber feature file failed.">
      <![CDATA[java.lang.AssertionError: Cucumber feature file failed.
	at org.junit.Assert.fail(Assert.java:89)
	at com.ucf.pcte.CucumberKW.runFeatureFile(CucumberKW.java:48)
	at com.ucf.pcte.CucumberKW$runFeatureFile.call(Unknown Source)
	at org.codehaus.groovy.runtime.callsite.CallSiteArray.defaultCall(CallSiteArray.java:47)
	at org.codehaus.groovy.runtime.callsite.AbstractCallSite.call(AbstractCallSite.java:125)
	at org.codehaus.groovy.runtime.callsite.AbstractCallSite.call(AbstractCallSite.java:139)
	at Script1611247483450.run(Script1611247483450.groovy:12)
	at groovy.lang.GroovyShell.evaluate(GroovyShell.java:427)
	at groovy.lang.GroovyShell.evaluate(GroovyShell.java:470)
	at com.console.RunScript.runScript(RunScript.java:49)
	at com.console.Execute.run(Execute.java:83)
	at com.console.RunConsole.console(RunConsole.java:66)
	at com.console.Main.main(Main.java:87)
... Removed 22 stack frames]]>
    </failure>
  </testcase> <!-- runScript -->
</testsuite> <!-- Add Contact_Delete Contact -->
