<?xml version="1.0" encoding="UTF-8"?>
<!-- Generated by org.testng.reporters.JUnitXMLReporter -->
<testsuite ignored="0" hostname="Sebastians-MBP" failures="1" tests="1" name="Register" time="17.074" errors="0" timestamp="12 Mar 2021 20:26:18 GMT">
  <testcase classname="com.console.RunScript" name="runScript" time="17.056">
    <failure type="java.lang.AssertionError" message="Cucumber feature file failed.">
      <![CDATA[java.lang.AssertionError: Cucumber feature file failed.
	at org.junit.Assert.fail(Assert.java:89)
	at com.ucf.pcte.CucumberKW.runFeatureFile(CucumberKW.java:48)
	at com.ucf.pcte.CucumberKW$runFeatureFile.call(Unknown Source)
	at org.codehaus.groovy.runtime.callsite.CallSiteArray.defaultCall(CallSiteArray.java:47)
	at org.codehaus.groovy.runtime.callsite.AbstractCallSite.call(AbstractCallSite.java:125)
	at org.codehaus.groovy.runtime.callsite.AbstractCallSite.call(AbstractCallSite.java:139)
	at Script1611241895950.run(Script1611241895950.groovy:11)
	at groovy.lang.GroovyShell.evaluate(GroovyShell.java:427)
	at groovy.lang.GroovyShell.evaluate(GroovyShell.java:470)
	at com.console.RunScript.runScript(RunScript.java:50)
	at com.console.Execute.run(Execute.java:89)
	at com.console.RunConsole.console(RunConsole.java:67)
	at com.console.Main.main(Main.java:98)
... Removed 22 stack frames]]>
    </failure>
  </testcase> <!-- runScript -->
</testsuite> <!-- Register -->
