<?xml version="1.0" encoding="UTF-8"?>
<testng-results ignored="0" total="18" passed="0" failed="18" skipped="0">
  <reporter-output>
  </reporter-output>
  <suite started-at="2021-03-06T01:56:37Z" name="TmpSuite" finished-at="2021-03-06T01:56:38Z" duration-ms="1553">
    <groups>
    </groups>
    <test started-at="2021-03-06T01:56:37Z" name="9001-9500 Smoke/T9001 Portal Login and Authentication - 2FA Login" finished-at="2021-03-06T01:56:37Z" duration-ms="249">
      <class name="com.console.RunScript">
        <test-method is-config="true" signature="SetUp()[pri:0, instance:com.console.RunScript@7c7e73c5]" started-at="2021-03-05T20:56:37Z" name="SetUp" finished-at="2021-03-05T20:56:37Z" duration-ms="12" status="PASS">
          <reporter-output>
          </reporter-output>
        </test-method> <!-- SetUp -->
        <test-method signature="runScript(java.lang.String)[pri:0, instance:com.console.RunScript@7c7e73c5]" started-at="2021-03-05T20:56:37Z" name="runScript" finished-at="2021-03-05T20:56:37Z" duration-ms="215" status="FAIL">
          <params>
            <param index="0">
              <value>
                <![CDATA[temp/Scripts/9001-9500 Smoke/T9001 Portal Login and Authentication - 2FA Login/Script1594050507795.groovy]]>
              </value>
            </param>
          </params>
          <exception class="java.lang.AssertionError">
            <message>
              <![CDATA[setup() failed:groovy.lang.MissingPropertyException: No such property: portal_url for class: internal.GlobalVariable]]>
            </message>
            <full-stacktrace>
              <![CDATA[java.lang.AssertionError: setup() failed:groovy.lang.MissingPropertyException: No such property: portal_url for class: internal.GlobalVariable
	at org.testng.Assert.fail(Assert.java:93)
	at com.console.RunScript.runScript(RunScript.java:44)
	at java.base/jdk.internal.reflect.NativeMethodAccessorImpl.invoke0(Native Method)
	at java.base/jdk.internal.reflect.NativeMethodAccessorImpl.invoke(NativeMethodAccessorImpl.java:64)
	at java.base/jdk.internal.reflect.DelegatingMethodAccessorImpl.invoke(DelegatingMethodAccessorImpl.java:43)
	at java.base/java.lang.reflect.Method.invoke(Method.java:564)
	at org.testng.internal.MethodInvocationHelper.invokeMethod(MethodInvocationHelper.java:108)
	at org.testng.internal.Invoker.invokeMethod(Invoker.java:661)
	at org.testng.internal.Invoker.invokeTestMethod(Invoker.java:869)
	at org.testng.internal.Invoker.invokeTestMethods(Invoker.java:1193)
	at org.testng.internal.TestMethodWorker.invokeTestMethods(TestMethodWorker.java:126)
	at org.testng.internal.TestMethodWorker.run(TestMethodWorker.java:109)
	at org.testng.TestRunner.privateRun(TestRunner.java:744)
	at org.testng.TestRunner.run(TestRunner.java:602)
	at org.testng.SuiteRunner.runTest(SuiteRunner.java:380)
	at org.testng.SuiteRunner.runSequentially(SuiteRunner.java:375)
	at org.testng.SuiteRunner.privateRun(SuiteRunner.java:340)
	at org.testng.SuiteRunner.run(SuiteRunner.java:289)
	at org.testng.SuiteRunnerWorker.runSuite(SuiteRunnerWorker.java:52)
	at org.testng.SuiteRunnerWorker.run(SuiteRunnerWorker.java:86)
	at org.testng.TestNG.runSuitesSequentially(TestNG.java:1301)
	at org.testng.TestNG.runSuitesLocally(TestNG.java:1226)
	at org.testng.TestNG.runSuites(TestNG.java:1144)
	at org.testng.TestNG.run(TestNG.java:1115)
	at com.console.Execute.run(Execute.java:89)
	at com.console.RunConsole.console(RunConsole.java:66)
	at com.console.Main.main(Main.java:88)
]]>
            </full-stacktrace>
          </exception> <!-- java.lang.AssertionError -->
          <reporter-output>
          </reporter-output>
        </test-method> <!-- runScript -->
        <test-method is-config="true" signature="TearDown()[pri:0, instance:com.console.RunScript@7c7e73c5]" started-at="2021-03-05T20:56:37Z" name="TearDown" finished-at="2021-03-05T20:56:37Z" duration-ms="1" status="PASS">
          <reporter-output>
          </reporter-output>
        </test-method> <!-- TearDown -->
      </class> <!-- com.console.RunScript -->
    </test> <!-- 9001-9500 Smoke/T9001 Portal Login and Authentication - 2FA Login -->
    <test started-at="2021-03-06T01:56:37Z" name="9001-9500 Smoke/T9003 SSO login into associated apps" finished-at="2021-03-06T01:56:37Z" duration-ms="143">
      <class name="com.console.RunScript">
        <test-method is-config="true" signature="SetUp()[pri:0, instance:com.console.RunScript@7f8a9454]" started-at="2021-03-05T20:56:37Z" name="SetUp" finished-at="2021-03-05T20:56:37Z" duration-ms="0" status="PASS">
          <reporter-output>
          </reporter-output>
        </test-method> <!-- SetUp -->
        <test-method signature="runScript(java.lang.String)[pri:0, instance:com.console.RunScript@7f8a9454]" started-at="2021-03-05T20:56:37Z" name="runScript" finished-at="2021-03-05T20:56:37Z" duration-ms="141" status="FAIL">
          <params>
            <param index="0">
              <value>
                <![CDATA[temp/Scripts/9001-9500 Smoke/T9003 SSO login into associated apps/Script1594050491291.groovy]]>
              </value>
            </param>
          </params>
          <exception class="java.lang.AssertionError">
            <message>
              <![CDATA[setup() failed:groovy.lang.MissingPropertyException: No such property: portal_url for class: internal.GlobalVariable]]>
            </message>
            <full-stacktrace>
              <![CDATA[java.lang.AssertionError: setup() failed:groovy.lang.MissingPropertyException: No such property: portal_url for class: internal.GlobalVariable
	at org.testng.Assert.fail(Assert.java:93)
	at com.console.RunScript.runScript(RunScript.java:44)
	at java.base/jdk.internal.reflect.NativeMethodAccessorImpl.invoke0(Native Method)
	at java.base/jdk.internal.reflect.NativeMethodAccessorImpl.invoke(NativeMethodAccessorImpl.java:64)
	at java.base/jdk.internal.reflect.DelegatingMethodAccessorImpl.invoke(DelegatingMethodAccessorImpl.java:43)
	at java.base/java.lang.reflect.Method.invoke(Method.java:564)
	at org.testng.internal.MethodInvocationHelper.invokeMethod(MethodInvocationHelper.java:108)
	at org.testng.internal.Invoker.invokeMethod(Invoker.java:661)
	at org.testng.internal.Invoker.invokeTestMethod(Invoker.java:869)
	at org.testng.internal.Invoker.invokeTestMethods(Invoker.java:1193)
	at org.testng.internal.TestMethodWorker.invokeTestMethods(TestMethodWorker.java:126)
	at org.testng.internal.TestMethodWorker.run(TestMethodWorker.java:109)
	at org.testng.TestRunner.privateRun(TestRunner.java:744)
	at org.testng.TestRunner.run(TestRunner.java:602)
	at org.testng.SuiteRunner.runTest(SuiteRunner.java:380)
	at org.testng.SuiteRunner.runSequentially(SuiteRunner.java:375)
	at org.testng.SuiteRunner.privateRun(SuiteRunner.java:340)
	at org.testng.SuiteRunner.run(SuiteRunner.java:289)
	at org.testng.SuiteRunnerWorker.runSuite(SuiteRunnerWorker.java:52)
	at org.testng.SuiteRunnerWorker.run(SuiteRunnerWorker.java:86)
	at org.testng.TestNG.runSuitesSequentially(TestNG.java:1301)
	at org.testng.TestNG.runSuitesLocally(TestNG.java:1226)
	at org.testng.TestNG.runSuites(TestNG.java:1144)
	at org.testng.TestNG.run(TestNG.java:1115)
	at com.console.Execute.run(Execute.java:89)
	at com.console.RunConsole.console(RunConsole.java:66)
	at com.console.Main.main(Main.java:88)
]]>
            </full-stacktrace>
          </exception> <!-- java.lang.AssertionError -->
          <reporter-output>
          </reporter-output>
        </test-method> <!-- runScript -->
        <test-method is-config="true" signature="TearDown()[pri:0, instance:com.console.RunScript@7f8a9454]" started-at="2021-03-05T20:56:37Z" name="TearDown" finished-at="2021-03-05T20:56:37Z" duration-ms="0" status="PASS">
          <reporter-output>
          </reporter-output>
        </test-method> <!-- TearDown -->
      </class> <!-- com.console.RunScript -->
    </test> <!-- 9001-9500 Smoke/T9003 SSO login into associated apps -->
    <test started-at="2021-03-06T01:56:37Z" name="9001-9500 Smoke/T9011 The Apps menu button" finished-at="2021-03-06T01:56:37Z" duration-ms="91">
      <class name="com.console.RunScript">
        <test-method is-config="true" signature="SetUp()[pri:0, instance:com.console.RunScript@8fcc534]" started-at="2021-03-05T20:56:37Z" name="SetUp" finished-at="2021-03-05T20:56:37Z" duration-ms="0" status="PASS">
          <reporter-output>
          </reporter-output>
        </test-method> <!-- SetUp -->
        <test-method signature="runScript(java.lang.String)[pri:0, instance:com.console.RunScript@8fcc534]" started-at="2021-03-05T20:56:37Z" name="runScript" finished-at="2021-03-05T20:56:37Z" duration-ms="90" status="FAIL">
          <params>
            <param index="0">
              <value>
                <![CDATA[temp/Scripts/9001-9500 Smoke/T9011 The Apps menu button/Script1590111503056.groovy]]>
              </value>
            </param>
          </params>
          <exception class="java.lang.AssertionError">
            <message>
              <![CDATA[setup() failed:groovy.lang.MissingPropertyException: No such property: portal_url for class: internal.GlobalVariable]]>
            </message>
            <full-stacktrace>
              <![CDATA[java.lang.AssertionError: setup() failed:groovy.lang.MissingPropertyException: No such property: portal_url for class: internal.GlobalVariable
	at org.testng.Assert.fail(Assert.java:93)
	at com.console.RunScript.runScript(RunScript.java:44)
	at java.base/jdk.internal.reflect.NativeMethodAccessorImpl.invoke0(Native Method)
	at java.base/jdk.internal.reflect.NativeMethodAccessorImpl.invoke(NativeMethodAccessorImpl.java:64)
	at java.base/jdk.internal.reflect.DelegatingMethodAccessorImpl.invoke(DelegatingMethodAccessorImpl.java:43)
	at java.base/java.lang.reflect.Method.invoke(Method.java:564)
	at org.testng.internal.MethodInvocationHelper.invokeMethod(MethodInvocationHelper.java:108)
	at org.testng.internal.Invoker.invokeMethod(Invoker.java:661)
	at org.testng.internal.Invoker.invokeTestMethod(Invoker.java:869)
	at org.testng.internal.Invoker.invokeTestMethods(Invoker.java:1193)
	at org.testng.internal.TestMethodWorker.invokeTestMethods(TestMethodWorker.java:126)
	at org.testng.internal.TestMethodWorker.run(TestMethodWorker.java:109)
	at org.testng.TestRunner.privateRun(TestRunner.java:744)
	at org.testng.TestRunner.run(TestRunner.java:602)
	at org.testng.SuiteRunner.runTest(SuiteRunner.java:380)
	at org.testng.SuiteRunner.runSequentially(SuiteRunner.java:375)
	at org.testng.SuiteRunner.privateRun(SuiteRunner.java:340)
	at org.testng.SuiteRunner.run(SuiteRunner.java:289)
	at org.testng.SuiteRunnerWorker.runSuite(SuiteRunnerWorker.java:52)
	at org.testng.SuiteRunnerWorker.run(SuiteRunnerWorker.java:86)
	at org.testng.TestNG.runSuitesSequentially(TestNG.java:1301)
	at org.testng.TestNG.runSuitesLocally(TestNG.java:1226)
	at org.testng.TestNG.runSuites(TestNG.java:1144)
	at org.testng.TestNG.run(TestNG.java:1115)
	at com.console.Execute.run(Execute.java:89)
	at com.console.RunConsole.console(RunConsole.java:66)
	at com.console.Main.main(Main.java:88)
]]>
            </full-stacktrace>
          </exception> <!-- java.lang.AssertionError -->
          <reporter-output>
          </reporter-output>
        </test-method> <!-- runScript -->
        <test-method is-config="true" signature="TearDown()[pri:0, instance:com.console.RunScript@8fcc534]" started-at="2021-03-05T20:56:37Z" name="TearDown" finished-at="2021-03-05T20:56:37Z" duration-ms="0" status="PASS">
          <reporter-output>
          </reporter-output>
        </test-method> <!-- TearDown -->
      </class> <!-- com.console.RunScript -->
    </test> <!-- 9001-9500 Smoke/T9011 The Apps menu button -->
    <test started-at="2021-03-06T01:56:37Z" name="9001-9500 Smoke/T9012 Create shortcut" finished-at="2021-03-06T01:56:37Z" duration-ms="75">
      <class name="com.console.RunScript">
        <test-method is-config="true" signature="SetUp()[pri:0, instance:com.console.RunScript@6b162ecc]" started-at="2021-03-05T20:56:37Z" name="SetUp" finished-at="2021-03-05T20:56:37Z" duration-ms="0" status="PASS">
          <reporter-output>
          </reporter-output>
        </test-method> <!-- SetUp -->
        <test-method signature="runScript(java.lang.String)[pri:0, instance:com.console.RunScript@6b162ecc]" started-at="2021-03-05T20:56:37Z" name="runScript" finished-at="2021-03-05T20:56:37Z" duration-ms="74" status="FAIL">
          <params>
            <param index="0">
              <value>
                <![CDATA[temp/Scripts/9001-9500 Smoke/T9012 Create shortcut/Script1590111665707.groovy]]>
              </value>
            </param>
          </params>
          <exception class="java.lang.AssertionError">
            <message>
              <![CDATA[setup() failed:groovy.lang.MissingPropertyException: No such property: portal_url for class: internal.GlobalVariable]]>
            </message>
            <full-stacktrace>
              <![CDATA[java.lang.AssertionError: setup() failed:groovy.lang.MissingPropertyException: No such property: portal_url for class: internal.GlobalVariable
	at org.testng.Assert.fail(Assert.java:93)
	at com.console.RunScript.runScript(RunScript.java:44)
	at java.base/jdk.internal.reflect.NativeMethodAccessorImpl.invoke0(Native Method)
	at java.base/jdk.internal.reflect.NativeMethodAccessorImpl.invoke(NativeMethodAccessorImpl.java:64)
	at java.base/jdk.internal.reflect.DelegatingMethodAccessorImpl.invoke(DelegatingMethodAccessorImpl.java:43)
	at java.base/java.lang.reflect.Method.invoke(Method.java:564)
	at org.testng.internal.MethodInvocationHelper.invokeMethod(MethodInvocationHelper.java:108)
	at org.testng.internal.Invoker.invokeMethod(Invoker.java:661)
	at org.testng.internal.Invoker.invokeTestMethod(Invoker.java:869)
	at org.testng.internal.Invoker.invokeTestMethods(Invoker.java:1193)
	at org.testng.internal.TestMethodWorker.invokeTestMethods(TestMethodWorker.java:126)
	at org.testng.internal.TestMethodWorker.run(TestMethodWorker.java:109)
	at org.testng.TestRunner.privateRun(TestRunner.java:744)
	at org.testng.TestRunner.run(TestRunner.java:602)
	at org.testng.SuiteRunner.runTest(SuiteRunner.java:380)
	at org.testng.SuiteRunner.runSequentially(SuiteRunner.java:375)
	at org.testng.SuiteRunner.privateRun(SuiteRunner.java:340)
	at org.testng.SuiteRunner.run(SuiteRunner.java:289)
	at org.testng.SuiteRunnerWorker.runSuite(SuiteRunnerWorker.java:52)
	at org.testng.SuiteRunnerWorker.run(SuiteRunnerWorker.java:86)
	at org.testng.TestNG.runSuitesSequentially(TestNG.java:1301)
	at org.testng.TestNG.runSuitesLocally(TestNG.java:1226)
	at org.testng.TestNG.runSuites(TestNG.java:1144)
	at org.testng.TestNG.run(TestNG.java:1115)
	at com.console.Execute.run(Execute.java:89)
	at com.console.RunConsole.console(RunConsole.java:66)
	at com.console.Main.main(Main.java:88)
]]>
            </full-stacktrace>
          </exception> <!-- java.lang.AssertionError -->
          <reporter-output>
          </reporter-output>
        </test-method> <!-- runScript -->
        <test-method is-config="true" signature="TearDown()[pri:0, instance:com.console.RunScript@6b162ecc]" started-at="2021-03-05T20:56:37Z" name="TearDown" finished-at="2021-03-05T20:56:37Z" duration-ms="1" status="PASS">
          <reporter-output>
          </reporter-output>
        </test-method> <!-- TearDown -->
      </class> <!-- com.console.RunScript -->
    </test> <!-- 9001-9500 Smoke/T9012 Create shortcut -->
    <test started-at="2021-03-06T01:56:37Z" name="9001-9500 Smoke/T9013 Search content" finished-at="2021-03-06T01:56:38Z" duration-ms="96">
      <class name="com.console.RunScript">
        <test-method is-config="true" signature="SetUp()[pri:0, instance:com.console.RunScript@5eed6dfb]" started-at="2021-03-05T20:56:37Z" name="SetUp" finished-at="2021-03-05T20:56:37Z" duration-ms="0" status="PASS">
          <reporter-output>
          </reporter-output>
        </test-method> <!-- SetUp -->
        <test-method signature="runScript(java.lang.String)[pri:0, instance:com.console.RunScript@5eed6dfb]" started-at="2021-03-05T20:56:37Z" name="runScript" finished-at="2021-03-05T20:56:38Z" duration-ms="96" status="FAIL">
          <params>
            <param index="0">
              <value>
                <![CDATA[temp/Scripts/9001-9500 Smoke/T9013 Search content/Script1590111736205.groovy]]>
              </value>
            </param>
          </params>
          <exception class="java.lang.AssertionError">
            <message>
              <![CDATA[setup() failed:groovy.lang.MissingPropertyException: No such property: portal_url for class: internal.GlobalVariable]]>
            </message>
            <full-stacktrace>
              <![CDATA[java.lang.AssertionError: setup() failed:groovy.lang.MissingPropertyException: No such property: portal_url for class: internal.GlobalVariable
	at org.testng.Assert.fail(Assert.java:93)
	at com.console.RunScript.runScript(RunScript.java:44)
	at java.base/jdk.internal.reflect.NativeMethodAccessorImpl.invoke0(Native Method)
	at java.base/jdk.internal.reflect.NativeMethodAccessorImpl.invoke(NativeMethodAccessorImpl.java:64)
	at java.base/jdk.internal.reflect.DelegatingMethodAccessorImpl.invoke(DelegatingMethodAccessorImpl.java:43)
	at java.base/java.lang.reflect.Method.invoke(Method.java:564)
	at org.testng.internal.MethodInvocationHelper.invokeMethod(MethodInvocationHelper.java:108)
	at org.testng.internal.Invoker.invokeMethod(Invoker.java:661)
	at org.testng.internal.Invoker.invokeTestMethod(Invoker.java:869)
	at org.testng.internal.Invoker.invokeTestMethods(Invoker.java:1193)
	at org.testng.internal.TestMethodWorker.invokeTestMethods(TestMethodWorker.java:126)
	at org.testng.internal.TestMethodWorker.run(TestMethodWorker.java:109)
	at org.testng.TestRunner.privateRun(TestRunner.java:744)
	at org.testng.TestRunner.run(TestRunner.java:602)
	at org.testng.SuiteRunner.runTest(SuiteRunner.java:380)
	at org.testng.SuiteRunner.runSequentially(SuiteRunner.java:375)
	at org.testng.SuiteRunner.privateRun(SuiteRunner.java:340)
	at org.testng.SuiteRunner.run(SuiteRunner.java:289)
	at org.testng.SuiteRunnerWorker.runSuite(SuiteRunnerWorker.java:52)
	at org.testng.SuiteRunnerWorker.run(SuiteRunnerWorker.java:86)
	at org.testng.TestNG.runSuitesSequentially(TestNG.java:1301)
	at org.testng.TestNG.runSuitesLocally(TestNG.java:1226)
	at org.testng.TestNG.runSuites(TestNG.java:1144)
	at org.testng.TestNG.run(TestNG.java:1115)
	at com.console.Execute.run(Execute.java:89)
	at com.console.RunConsole.console(RunConsole.java:66)
	at com.console.Main.main(Main.java:88)
]]>
            </full-stacktrace>
          </exception> <!-- java.lang.AssertionError -->
          <reporter-output>
          </reporter-output>
        </test-method> <!-- runScript -->
        <test-method is-config="true" signature="TearDown()[pri:0, instance:com.console.RunScript@5eed6dfb]" started-at="2021-03-05T20:56:38Z" name="TearDown" finished-at="2021-03-05T20:56:38Z" duration-ms="0" status="PASS">
          <reporter-output>
          </reporter-output>
        </test-method> <!-- TearDown -->
      </class> <!-- com.console.RunScript -->
    </test> <!-- 9001-9500 Smoke/T9013 Search content -->
    <test started-at="2021-03-06T01:56:38Z" name="9001-9500 Smoke/T9014 Start Button (User initials)" finished-at="2021-03-06T01:56:38Z" duration-ms="62">
      <class name="com.console.RunScript">
        <test-method signature="runScript(java.lang.String)[pri:0, instance:com.console.RunScript@4a864d4d]" started-at="2021-03-05T20:56:38Z" name="runScript" finished-at="2021-03-05T20:56:38Z" duration-ms="60" status="FAIL">
          <params>
            <param index="0">
              <value>
                <![CDATA[temp/Scripts/9001-9500 Smoke/T9014 Start Button (User initials)/Script1590111905446.groovy]]>
              </value>
            </param>
          </params>
          <exception class="java.lang.AssertionError">
            <message>
              <![CDATA[setup() failed:groovy.lang.MissingPropertyException: No such property: portal_url for class: internal.GlobalVariable]]>
            </message>
            <full-stacktrace>
              <![CDATA[java.lang.AssertionError: setup() failed:groovy.lang.MissingPropertyException: No such property: portal_url for class: internal.GlobalVariable
	at org.testng.Assert.fail(Assert.java:93)
	at com.console.RunScript.runScript(RunScript.java:44)
	at java.base/jdk.internal.reflect.NativeMethodAccessorImpl.invoke0(Native Method)
	at java.base/jdk.internal.reflect.NativeMethodAccessorImpl.invoke(NativeMethodAccessorImpl.java:64)
	at java.base/jdk.internal.reflect.DelegatingMethodAccessorImpl.invoke(DelegatingMethodAccessorImpl.java:43)
	at java.base/java.lang.reflect.Method.invoke(Method.java:564)
	at org.testng.internal.MethodInvocationHelper.invokeMethod(MethodInvocationHelper.java:108)
	at org.testng.internal.Invoker.invokeMethod(Invoker.java:661)
	at org.testng.internal.Invoker.invokeTestMethod(Invoker.java:869)
	at org.testng.internal.Invoker.invokeTestMethods(Invoker.java:1193)
	at org.testng.internal.TestMethodWorker.invokeTestMethods(TestMethodWorker.java:126)
	at org.testng.internal.TestMethodWorker.run(TestMethodWorker.java:109)
	at org.testng.TestRunner.privateRun(TestRunner.java:744)
	at org.testng.TestRunner.run(TestRunner.java:602)
	at org.testng.SuiteRunner.runTest(SuiteRunner.java:380)
	at org.testng.SuiteRunner.runSequentially(SuiteRunner.java:375)
	at org.testng.SuiteRunner.privateRun(SuiteRunner.java:340)
	at org.testng.SuiteRunner.run(SuiteRunner.java:289)
	at org.testng.SuiteRunnerWorker.runSuite(SuiteRunnerWorker.java:52)
	at org.testng.SuiteRunnerWorker.run(SuiteRunnerWorker.java:86)
	at org.testng.TestNG.runSuitesSequentially(TestNG.java:1301)
	at org.testng.TestNG.runSuitesLocally(TestNG.java:1226)
	at org.testng.TestNG.runSuites(TestNG.java:1144)
	at org.testng.TestNG.run(TestNG.java:1115)
	at com.console.Execute.run(Execute.java:89)
	at com.console.RunConsole.console(RunConsole.java:66)
	at com.console.Main.main(Main.java:88)
]]>
            </full-stacktrace>
          </exception> <!-- java.lang.AssertionError -->
          <reporter-output>
          </reporter-output>
        </test-method> <!-- runScript -->
        <test-method is-config="true" signature="SetUp()[pri:0, instance:com.console.RunScript@4a864d4d]" started-at="2021-03-05T20:56:38Z" name="SetUp" finished-at="2021-03-05T20:56:38Z" duration-ms="0" status="PASS">
          <reporter-output>
          </reporter-output>
        </test-method> <!-- SetUp -->
        <test-method is-config="true" signature="TearDown()[pri:0, instance:com.console.RunScript@4a864d4d]" started-at="2021-03-05T20:56:38Z" name="TearDown" finished-at="2021-03-05T20:56:38Z" duration-ms="0" status="PASS">
          <reporter-output>
          </reporter-output>
        </test-method> <!-- TearDown -->
      </class> <!-- com.console.RunScript -->
    </test> <!-- 9001-9500 Smoke/T9014 Start Button (User initials) -->
    <test started-at="2021-03-06T01:56:38Z" name="9001-9500 Smoke/T9015 Notification Window" finished-at="2021-03-06T01:56:38Z" duration-ms="46">
      <class name="com.console.RunScript">
        <test-method is-config="true" signature="SetUp()[pri:0, instance:com.console.RunScript@3a296107]" started-at="2021-03-05T20:56:38Z" name="SetUp" finished-at="2021-03-05T20:56:38Z" duration-ms="0" status="PASS">
          <reporter-output>
          </reporter-output>
        </test-method> <!-- SetUp -->
        <test-method signature="runScript(java.lang.String)[pri:0, instance:com.console.RunScript@3a296107]" started-at="2021-03-05T20:56:38Z" name="runScript" finished-at="2021-03-05T20:56:38Z" duration-ms="45" status="FAIL">
          <params>
            <param index="0">
              <value>
                <![CDATA[temp/Scripts/9001-9500 Smoke/T9015 Notification Window/Script1590111958639.groovy]]>
              </value>
            </param>
          </params>
          <exception class="java.lang.AssertionError">
            <message>
              <![CDATA[setup() failed:groovy.lang.MissingPropertyException: No such property: portal_url for class: internal.GlobalVariable]]>
            </message>
            <full-stacktrace>
              <![CDATA[java.lang.AssertionError: setup() failed:groovy.lang.MissingPropertyException: No such property: portal_url for class: internal.GlobalVariable
	at org.testng.Assert.fail(Assert.java:93)
	at com.console.RunScript.runScript(RunScript.java:44)
	at java.base/jdk.internal.reflect.NativeMethodAccessorImpl.invoke0(Native Method)
	at java.base/jdk.internal.reflect.NativeMethodAccessorImpl.invoke(NativeMethodAccessorImpl.java:64)
	at java.base/jdk.internal.reflect.DelegatingMethodAccessorImpl.invoke(DelegatingMethodAccessorImpl.java:43)
	at java.base/java.lang.reflect.Method.invoke(Method.java:564)
	at org.testng.internal.MethodInvocationHelper.invokeMethod(MethodInvocationHelper.java:108)
	at org.testng.internal.Invoker.invokeMethod(Invoker.java:661)
	at org.testng.internal.Invoker.invokeTestMethod(Invoker.java:869)
	at org.testng.internal.Invoker.invokeTestMethods(Invoker.java:1193)
	at org.testng.internal.TestMethodWorker.invokeTestMethods(TestMethodWorker.java:126)
	at org.testng.internal.TestMethodWorker.run(TestMethodWorker.java:109)
	at org.testng.TestRunner.privateRun(TestRunner.java:744)
	at org.testng.TestRunner.run(TestRunner.java:602)
	at org.testng.SuiteRunner.runTest(SuiteRunner.java:380)
	at org.testng.SuiteRunner.runSequentially(SuiteRunner.java:375)
	at org.testng.SuiteRunner.privateRun(SuiteRunner.java:340)
	at org.testng.SuiteRunner.run(SuiteRunner.java:289)
	at org.testng.SuiteRunnerWorker.runSuite(SuiteRunnerWorker.java:52)
	at org.testng.SuiteRunnerWorker.run(SuiteRunnerWorker.java:86)
	at org.testng.TestNG.runSuitesSequentially(TestNG.java:1301)
	at org.testng.TestNG.runSuitesLocally(TestNG.java:1226)
	at org.testng.TestNG.runSuites(TestNG.java:1144)
	at org.testng.TestNG.run(TestNG.java:1115)
	at com.console.Execute.run(Execute.java:89)
	at com.console.RunConsole.console(RunConsole.java:66)
	at com.console.Main.main(Main.java:88)
]]>
            </full-stacktrace>
          </exception> <!-- java.lang.AssertionError -->
          <reporter-output>
          </reporter-output>
        </test-method> <!-- runScript -->
        <test-method is-config="true" signature="TearDown()[pri:0, instance:com.console.RunScript@3a296107]" started-at="2021-03-05T20:56:38Z" name="TearDown" finished-at="2021-03-05T20:56:38Z" duration-ms="0" status="PASS">
          <reporter-output>
          </reporter-output>
        </test-method> <!-- TearDown -->
      </class> <!-- com.console.RunScript -->
    </test> <!-- 9001-9500 Smoke/T9015 Notification Window -->
    <test started-at="2021-03-06T01:56:38Z" name="9001-9500 Smoke/T9021 Verify that DoD Default Enclave AFG content is available in portal" finished-at="2021-03-06T01:56:38Z" duration-ms="49">
      <class name="com.console.RunScript">
        <test-method is-config="true" signature="SetUp()[pri:0, instance:com.console.RunScript@2faa55bb]" started-at="2021-03-05T20:56:38Z" name="SetUp" finished-at="2021-03-05T20:56:38Z" duration-ms="1" status="PASS">
          <reporter-output>
          </reporter-output>
        </test-method> <!-- SetUp -->
        <test-method signature="runScript(java.lang.String)[pri:0, instance:com.console.RunScript@2faa55bb]" started-at="2021-03-05T20:56:38Z" name="runScript" finished-at="2021-03-05T20:56:38Z" duration-ms="47" status="FAIL">
          <params>
            <param index="0">
              <value>
                <![CDATA[temp/Scripts/9001-9500 Smoke/T9021 Verify that DoD Default Enclave AFG content is available in portal/Script1597699035997.groovy]]>
              </value>
            </param>
          </params>
          <exception class="java.lang.AssertionError">
            <message>
              <![CDATA[setup() failed:groovy.lang.MissingPropertyException: No such property: portal_url for class: internal.GlobalVariable]]>
            </message>
            <full-stacktrace>
              <![CDATA[java.lang.AssertionError: setup() failed:groovy.lang.MissingPropertyException: No such property: portal_url for class: internal.GlobalVariable
	at org.testng.Assert.fail(Assert.java:93)
	at com.console.RunScript.runScript(RunScript.java:44)
	at java.base/jdk.internal.reflect.NativeMethodAccessorImpl.invoke0(Native Method)
	at java.base/jdk.internal.reflect.NativeMethodAccessorImpl.invoke(NativeMethodAccessorImpl.java:64)
	at java.base/jdk.internal.reflect.DelegatingMethodAccessorImpl.invoke(DelegatingMethodAccessorImpl.java:43)
	at java.base/java.lang.reflect.Method.invoke(Method.java:564)
	at org.testng.internal.MethodInvocationHelper.invokeMethod(MethodInvocationHelper.java:108)
	at org.testng.internal.Invoker.invokeMethod(Invoker.java:661)
	at org.testng.internal.Invoker.invokeTestMethod(Invoker.java:869)
	at org.testng.internal.Invoker.invokeTestMethods(Invoker.java:1193)
	at org.testng.internal.TestMethodWorker.invokeTestMethods(TestMethodWorker.java:126)
	at org.testng.internal.TestMethodWorker.run(TestMethodWorker.java:109)
	at org.testng.TestRunner.privateRun(TestRunner.java:744)
	at org.testng.TestRunner.run(TestRunner.java:602)
	at org.testng.SuiteRunner.runTest(SuiteRunner.java:380)
	at org.testng.SuiteRunner.runSequentially(SuiteRunner.java:375)
	at org.testng.SuiteRunner.privateRun(SuiteRunner.java:340)
	at org.testng.SuiteRunner.run(SuiteRunner.java:289)
	at org.testng.SuiteRunnerWorker.runSuite(SuiteRunnerWorker.java:52)
	at org.testng.SuiteRunnerWorker.run(SuiteRunnerWorker.java:86)
	at org.testng.TestNG.runSuitesSequentially(TestNG.java:1301)
	at org.testng.TestNG.runSuitesLocally(TestNG.java:1226)
	at org.testng.TestNG.runSuites(TestNG.java:1144)
	at org.testng.TestNG.run(TestNG.java:1115)
	at com.console.Execute.run(Execute.java:89)
	at com.console.RunConsole.console(RunConsole.java:66)
	at com.console.Main.main(Main.java:88)
]]>
            </full-stacktrace>
          </exception> <!-- java.lang.AssertionError -->
          <reporter-output>
          </reporter-output>
        </test-method> <!-- runScript -->
        <test-method is-config="true" signature="TearDown()[pri:0, instance:com.console.RunScript@2faa55bb]" started-at="2021-03-05T20:56:38Z" name="TearDown" finished-at="2021-03-05T20:56:38Z" duration-ms="0" status="PASS">
          <reporter-output>
          </reporter-output>
        </test-method> <!-- TearDown -->
      </class> <!-- com.console.RunScript -->
    </test> <!-- 9001-9500 Smoke/T9021 Verify that DoD Default Enclave AFG content is available in portal -->
    <test started-at="2021-03-06T01:56:38Z" name="9001-9500 Smoke/T9022 Verify Kibana ESB content is available in Portal" finished-at="2021-03-06T01:56:38Z" duration-ms="57">
      <class name="com.console.RunScript">
        <test-method is-config="true" signature="SetUp()[pri:0, instance:com.console.RunScript@5db3d57c]" started-at="2021-03-05T20:56:38Z" name="SetUp" finished-at="2021-03-05T20:56:38Z" duration-ms="0" status="PASS">
          <reporter-output>
          </reporter-output>
        </test-method> <!-- SetUp -->
        <test-method signature="runScript(java.lang.String)[pri:0, instance:com.console.RunScript@5db3d57c]" started-at="2021-03-05T20:56:38Z" name="runScript" finished-at="2021-03-05T20:56:38Z" duration-ms="56" status="FAIL">
          <params>
            <param index="0">
              <value>
                <![CDATA[temp/Scripts/9001-9500 Smoke/T9022 Verify Kibana ESB content is available in Portal/Script1597699030510.groovy]]>
              </value>
            </param>
          </params>
          <exception class="java.lang.AssertionError">
            <message>
              <![CDATA[setup() failed:groovy.lang.MissingPropertyException: No such property: portal_url for class: internal.GlobalVariable]]>
            </message>
            <full-stacktrace>
              <![CDATA[java.lang.AssertionError: setup() failed:groovy.lang.MissingPropertyException: No such property: portal_url for class: internal.GlobalVariable
	at org.testng.Assert.fail(Assert.java:93)
	at com.console.RunScript.runScript(RunScript.java:44)
	at java.base/jdk.internal.reflect.NativeMethodAccessorImpl.invoke0(Native Method)
	at java.base/jdk.internal.reflect.NativeMethodAccessorImpl.invoke(NativeMethodAccessorImpl.java:64)
	at java.base/jdk.internal.reflect.DelegatingMethodAccessorImpl.invoke(DelegatingMethodAccessorImpl.java:43)
	at java.base/java.lang.reflect.Method.invoke(Method.java:564)
	at org.testng.internal.MethodInvocationHelper.invokeMethod(MethodInvocationHelper.java:108)
	at org.testng.internal.Invoker.invokeMethod(Invoker.java:661)
	at org.testng.internal.Invoker.invokeTestMethod(Invoker.java:869)
	at org.testng.internal.Invoker.invokeTestMethods(Invoker.java:1193)
	at org.testng.internal.TestMethodWorker.invokeTestMethods(TestMethodWorker.java:126)
	at org.testng.internal.TestMethodWorker.run(TestMethodWorker.java:109)
	at org.testng.TestRunner.privateRun(TestRunner.java:744)
	at org.testng.TestRunner.run(TestRunner.java:602)
	at org.testng.SuiteRunner.runTest(SuiteRunner.java:380)
	at org.testng.SuiteRunner.runSequentially(SuiteRunner.java:375)
	at org.testng.SuiteRunner.privateRun(SuiteRunner.java:340)
	at org.testng.SuiteRunner.run(SuiteRunner.java:289)
	at org.testng.SuiteRunnerWorker.runSuite(SuiteRunnerWorker.java:52)
	at org.testng.SuiteRunnerWorker.run(SuiteRunnerWorker.java:86)
	at org.testng.TestNG.runSuitesSequentially(TestNG.java:1301)
	at org.testng.TestNG.runSuitesLocally(TestNG.java:1226)
	at org.testng.TestNG.runSuites(TestNG.java:1144)
	at org.testng.TestNG.run(TestNG.java:1115)
	at com.console.Execute.run(Execute.java:89)
	at com.console.RunConsole.console(RunConsole.java:66)
	at com.console.Main.main(Main.java:88)
]]>
            </full-stacktrace>
          </exception> <!-- java.lang.AssertionError -->
          <reporter-output>
          </reporter-output>
        </test-method> <!-- runScript -->
        <test-method is-config="true" signature="TearDown()[pri:0, instance:com.console.RunScript@5db3d57c]" started-at="2021-03-05T20:56:38Z" name="TearDown" finished-at="2021-03-05T20:56:38Z" duration-ms="0" status="PASS">
          <reporter-output>
          </reporter-output>
        </test-method> <!-- TearDown -->
      </class> <!-- com.console.RunScript -->
    </test> <!-- 9001-9500 Smoke/T9022 Verify Kibana ESB content is available in Portal -->
    <test started-at="2021-03-06T01:56:38Z" name="9001-9500 Smoke/T9023 Verify that Business Medium content is available in Portal" finished-at="2021-03-06T01:56:38Z" duration-ms="51">
      <class name="com.console.RunScript">
        <test-method is-config="true" signature="SetUp()[pri:0, instance:com.console.RunScript@26e0d39c]" started-at="2021-03-05T20:56:38Z" name="SetUp" finished-at="2021-03-05T20:56:38Z" duration-ms="1" status="PASS">
          <reporter-output>
          </reporter-output>
        </test-method> <!-- SetUp -->
        <test-method signature="runScript(java.lang.String)[pri:0, instance:com.console.RunScript@26e0d39c]" started-at="2021-03-05T20:56:38Z" name="runScript" finished-at="2021-03-05T20:56:38Z" duration-ms="49" status="FAIL">
          <params>
            <param index="0">
              <value>
                <![CDATA[temp/Scripts/9001-9500 Smoke/T9023 Verify that Business Medium content is available in Portal/Script1591979557592.groovy]]>
              </value>
            </param>
          </params>
          <exception class="java.lang.AssertionError">
            <message>
              <![CDATA[setup() failed:groovy.lang.MissingPropertyException: No such property: portal_url for class: internal.GlobalVariable]]>
            </message>
            <full-stacktrace>
              <![CDATA[java.lang.AssertionError: setup() failed:groovy.lang.MissingPropertyException: No such property: portal_url for class: internal.GlobalVariable
	at org.testng.Assert.fail(Assert.java:93)
	at com.console.RunScript.runScript(RunScript.java:44)
	at java.base/jdk.internal.reflect.NativeMethodAccessorImpl.invoke0(Native Method)
	at java.base/jdk.internal.reflect.NativeMethodAccessorImpl.invoke(NativeMethodAccessorImpl.java:64)
	at java.base/jdk.internal.reflect.DelegatingMethodAccessorImpl.invoke(DelegatingMethodAccessorImpl.java:43)
	at java.base/java.lang.reflect.Method.invoke(Method.java:564)
	at org.testng.internal.MethodInvocationHelper.invokeMethod(MethodInvocationHelper.java:108)
	at org.testng.internal.Invoker.invokeMethod(Invoker.java:661)
	at org.testng.internal.Invoker.invokeTestMethod(Invoker.java:869)
	at org.testng.internal.Invoker.invokeTestMethods(Invoker.java:1193)
	at org.testng.internal.TestMethodWorker.invokeTestMethods(TestMethodWorker.java:126)
	at org.testng.internal.TestMethodWorker.run(TestMethodWorker.java:109)
	at org.testng.TestRunner.privateRun(TestRunner.java:744)
	at org.testng.TestRunner.run(TestRunner.java:602)
	at org.testng.SuiteRunner.runTest(SuiteRunner.java:380)
	at org.testng.SuiteRunner.runSequentially(SuiteRunner.java:375)
	at org.testng.SuiteRunner.privateRun(SuiteRunner.java:340)
	at org.testng.SuiteRunner.run(SuiteRunner.java:289)
	at org.testng.SuiteRunnerWorker.runSuite(SuiteRunnerWorker.java:52)
	at org.testng.SuiteRunnerWorker.run(SuiteRunnerWorker.java:86)
	at org.testng.TestNG.runSuitesSequentially(TestNG.java:1301)
	at org.testng.TestNG.runSuitesLocally(TestNG.java:1226)
	at org.testng.TestNG.runSuites(TestNG.java:1144)
	at org.testng.TestNG.run(TestNG.java:1115)
	at com.console.Execute.run(Execute.java:89)
	at com.console.RunConsole.console(RunConsole.java:66)
	at com.console.Main.main(Main.java:88)
]]>
            </full-stacktrace>
          </exception> <!-- java.lang.AssertionError -->
          <reporter-output>
          </reporter-output>
        </test-method> <!-- runScript -->
        <test-method is-config="true" signature="TearDown()[pri:0, instance:com.console.RunScript@26e0d39c]" started-at="2021-03-05T20:56:38Z" name="TearDown" finished-at="2021-03-05T20:56:38Z" duration-ms="1" status="PASS">
          <reporter-output>
          </reporter-output>
        </test-method> <!-- TearDown -->
      </class> <!-- com.console.RunScript -->
    </test> <!-- 9001-9500 Smoke/T9023 Verify that Business Medium content is available in Portal -->
    <test started-at="2021-03-06T01:56:38Z" name="9001-9500 Smoke/T9024 Verify that Hunt content is available in Portal" finished-at="2021-03-06T01:56:38Z" duration-ms="45">
      <class name="com.console.RunScript">
        <test-method is-config="true" signature="SetUp()[pri:0, instance:com.console.RunScript@18dcb8a7]" started-at="2021-03-05T20:56:38Z" name="SetUp" finished-at="2021-03-05T20:56:38Z" duration-ms="0" status="PASS">
          <reporter-output>
          </reporter-output>
        </test-method> <!-- SetUp -->
        <test-method signature="runScript(java.lang.String)[pri:0, instance:com.console.RunScript@18dcb8a7]" started-at="2021-03-05T20:56:38Z" name="runScript" finished-at="2021-03-05T20:56:38Z" duration-ms="44" status="FAIL">
          <params>
            <param index="0">
              <value>
                <![CDATA[temp/Scripts/9001-9500 Smoke/T9024 Verify that Hunt content is available in Portal/Script1592236991870.groovy]]>
              </value>
            </param>
          </params>
          <exception class="java.lang.AssertionError">
            <message>
              <![CDATA[setup() failed:groovy.lang.MissingPropertyException: No such property: portal_url for class: internal.GlobalVariable]]>
            </message>
            <full-stacktrace>
              <![CDATA[java.lang.AssertionError: setup() failed:groovy.lang.MissingPropertyException: No such property: portal_url for class: internal.GlobalVariable
	at org.testng.Assert.fail(Assert.java:93)
	at com.console.RunScript.runScript(RunScript.java:44)
	at java.base/jdk.internal.reflect.NativeMethodAccessorImpl.invoke0(Native Method)
	at java.base/jdk.internal.reflect.NativeMethodAccessorImpl.invoke(NativeMethodAccessorImpl.java:64)
	at java.base/jdk.internal.reflect.DelegatingMethodAccessorImpl.invoke(DelegatingMethodAccessorImpl.java:43)
	at java.base/java.lang.reflect.Method.invoke(Method.java:564)
	at org.testng.internal.MethodInvocationHelper.invokeMethod(MethodInvocationHelper.java:108)
	at org.testng.internal.Invoker.invokeMethod(Invoker.java:661)
	at org.testng.internal.Invoker.invokeTestMethod(Invoker.java:869)
	at org.testng.internal.Invoker.invokeTestMethods(Invoker.java:1193)
	at org.testng.internal.TestMethodWorker.invokeTestMethods(TestMethodWorker.java:126)
	at org.testng.internal.TestMethodWorker.run(TestMethodWorker.java:109)
	at org.testng.TestRunner.privateRun(TestRunner.java:744)
	at org.testng.TestRunner.run(TestRunner.java:602)
	at org.testng.SuiteRunner.runTest(SuiteRunner.java:380)
	at org.testng.SuiteRunner.runSequentially(SuiteRunner.java:375)
	at org.testng.SuiteRunner.privateRun(SuiteRunner.java:340)
	at org.testng.SuiteRunner.run(SuiteRunner.java:289)
	at org.testng.SuiteRunnerWorker.runSuite(SuiteRunnerWorker.java:52)
	at org.testng.SuiteRunnerWorker.run(SuiteRunnerWorker.java:86)
	at org.testng.TestNG.runSuitesSequentially(TestNG.java:1301)
	at org.testng.TestNG.runSuitesLocally(TestNG.java:1226)
	at org.testng.TestNG.runSuites(TestNG.java:1144)
	at org.testng.TestNG.run(TestNG.java:1115)
	at com.console.Execute.run(Execute.java:89)
	at com.console.RunConsole.console(RunConsole.java:66)
	at com.console.Main.main(Main.java:88)
]]>
            </full-stacktrace>
          </exception> <!-- java.lang.AssertionError -->
          <reporter-output>
          </reporter-output>
        </test-method> <!-- runScript -->
        <test-method is-config="true" signature="TearDown()[pri:0, instance:com.console.RunScript@18dcb8a7]" started-at="2021-03-05T20:56:38Z" name="TearDown" finished-at="2021-03-05T20:56:38Z" duration-ms="0" status="PASS">
          <reporter-output>
          </reporter-output>
        </test-method> <!-- TearDown -->
      </class> <!-- com.console.RunScript -->
    </test> <!-- 9001-9500 Smoke/T9024 Verify that Hunt content is available in Portal -->
    <test started-at="2021-03-06T01:56:38Z" name="9001-9500 Smoke/T9301 Create and Edit a Content Module" finished-at="2021-03-06T01:56:38Z" duration-ms="71">
      <class name="com.console.RunScript">
        <test-method is-config="true" signature="SetUp()[pri:0, instance:com.console.RunScript@3709748f]" started-at="2021-03-05T20:56:38Z" name="SetUp" finished-at="2021-03-05T20:56:38Z" duration-ms="0" status="PASS">
          <reporter-output>
          </reporter-output>
        </test-method> <!-- SetUp -->
        <test-method signature="runScript(java.lang.String)[pri:0, instance:com.console.RunScript@3709748f]" started-at="2021-03-05T20:56:38Z" name="runScript" finished-at="2021-03-05T20:56:38Z" duration-ms="70" status="FAIL">
          <params>
            <param index="0">
              <value>
                <![CDATA[temp/Scripts/9001-9500 Smoke/T9301 Create and Edit a Content Module/Script1590521512666.groovy]]>
              </value>
            </param>
          </params>
          <exception class="java.lang.AssertionError">
            <message>
              <![CDATA[setup() failed:groovy.lang.MissingPropertyException: No such property: portal_url for class: internal.GlobalVariable]]>
            </message>
            <full-stacktrace>
              <![CDATA[java.lang.AssertionError: setup() failed:groovy.lang.MissingPropertyException: No such property: portal_url for class: internal.GlobalVariable
	at org.testng.Assert.fail(Assert.java:93)
	at com.console.RunScript.runScript(RunScript.java:44)
	at java.base/jdk.internal.reflect.NativeMethodAccessorImpl.invoke0(Native Method)
	at java.base/jdk.internal.reflect.NativeMethodAccessorImpl.invoke(NativeMethodAccessorImpl.java:64)
	at java.base/jdk.internal.reflect.DelegatingMethodAccessorImpl.invoke(DelegatingMethodAccessorImpl.java:43)
	at java.base/java.lang.reflect.Method.invoke(Method.java:564)
	at org.testng.internal.MethodInvocationHelper.invokeMethod(MethodInvocationHelper.java:108)
	at org.testng.internal.Invoker.invokeMethod(Invoker.java:661)
	at org.testng.internal.Invoker.invokeTestMethod(Invoker.java:869)
	at org.testng.internal.Invoker.invokeTestMethods(Invoker.java:1193)
	at org.testng.internal.TestMethodWorker.invokeTestMethods(TestMethodWorker.java:126)
	at org.testng.internal.TestMethodWorker.run(TestMethodWorker.java:109)
	at org.testng.TestRunner.privateRun(TestRunner.java:744)
	at org.testng.TestRunner.run(TestRunner.java:602)
	at org.testng.SuiteRunner.runTest(SuiteRunner.java:380)
	at org.testng.SuiteRunner.runSequentially(SuiteRunner.java:375)
	at org.testng.SuiteRunner.privateRun(SuiteRunner.java:340)
	at org.testng.SuiteRunner.run(SuiteRunner.java:289)
	at org.testng.SuiteRunnerWorker.runSuite(SuiteRunnerWorker.java:52)
	at org.testng.SuiteRunnerWorker.run(SuiteRunnerWorker.java:86)
	at org.testng.TestNG.runSuitesSequentially(TestNG.java:1301)
	at org.testng.TestNG.runSuitesLocally(TestNG.java:1226)
	at org.testng.TestNG.runSuites(TestNG.java:1144)
	at org.testng.TestNG.run(TestNG.java:1115)
	at com.console.Execute.run(Execute.java:89)
	at com.console.RunConsole.console(RunConsole.java:66)
	at com.console.Main.main(Main.java:88)
]]>
            </full-stacktrace>
          </exception> <!-- java.lang.AssertionError -->
          <reporter-output>
          </reporter-output>
        </test-method> <!-- runScript -->
        <test-method is-config="true" signature="TearDown()[pri:0, instance:com.console.RunScript@3709748f]" started-at="2021-03-05T20:56:38Z" name="TearDown" finished-at="2021-03-05T20:56:38Z" duration-ms="0" status="PASS">
          <reporter-output>
          </reporter-output>
        </test-method> <!-- TearDown -->
      </class> <!-- com.console.RunScript -->
    </test> <!-- 9001-9500 Smoke/T9301 Create and Edit a Content Module -->
    <test started-at="2021-03-06T01:56:38Z" name="9001-9500 Smoke/T9302 Upload Documents to a Content Module" finished-at="2021-03-06T01:56:38Z" duration-ms="69">
      <class name="com.console.RunScript">
        <test-method signature="runScript(java.lang.String)[pri:0, instance:com.console.RunScript@38e83838]" started-at="2021-03-05T20:56:38Z" name="runScript" finished-at="2021-03-05T20:56:38Z" duration-ms="68" status="FAIL">
          <params>
            <param index="0">
              <value>
                <![CDATA[temp/Scripts/9001-9500 Smoke/T9302 Upload Documents to a Content Module/Script1590545885463.groovy]]>
              </value>
            </param>
          </params>
          <exception class="java.lang.AssertionError">
            <message>
              <![CDATA[setup() failed:groovy.lang.MissingPropertyException: No such property: portal_url for class: internal.GlobalVariable]]>
            </message>
            <full-stacktrace>
              <![CDATA[java.lang.AssertionError: setup() failed:groovy.lang.MissingPropertyException: No such property: portal_url for class: internal.GlobalVariable
	at org.testng.Assert.fail(Assert.java:93)
	at com.console.RunScript.runScript(RunScript.java:44)
	at java.base/jdk.internal.reflect.NativeMethodAccessorImpl.invoke0(Native Method)
	at java.base/jdk.internal.reflect.NativeMethodAccessorImpl.invoke(NativeMethodAccessorImpl.java:64)
	at java.base/jdk.internal.reflect.DelegatingMethodAccessorImpl.invoke(DelegatingMethodAccessorImpl.java:43)
	at java.base/java.lang.reflect.Method.invoke(Method.java:564)
	at org.testng.internal.MethodInvocationHelper.invokeMethod(MethodInvocationHelper.java:108)
	at org.testng.internal.Invoker.invokeMethod(Invoker.java:661)
	at org.testng.internal.Invoker.invokeTestMethod(Invoker.java:869)
	at org.testng.internal.Invoker.invokeTestMethods(Invoker.java:1193)
	at org.testng.internal.TestMethodWorker.invokeTestMethods(TestMethodWorker.java:126)
	at org.testng.internal.TestMethodWorker.run(TestMethodWorker.java:109)
	at org.testng.TestRunner.privateRun(TestRunner.java:744)
	at org.testng.TestRunner.run(TestRunner.java:602)
	at org.testng.SuiteRunner.runTest(SuiteRunner.java:380)
	at org.testng.SuiteRunner.runSequentially(SuiteRunner.java:375)
	at org.testng.SuiteRunner.privateRun(SuiteRunner.java:340)
	at org.testng.SuiteRunner.run(SuiteRunner.java:289)
	at org.testng.SuiteRunnerWorker.runSuite(SuiteRunnerWorker.java:52)
	at org.testng.SuiteRunnerWorker.run(SuiteRunnerWorker.java:86)
	at org.testng.TestNG.runSuitesSequentially(TestNG.java:1301)
	at org.testng.TestNG.runSuitesLocally(TestNG.java:1226)
	at org.testng.TestNG.runSuites(TestNG.java:1144)
	at org.testng.TestNG.run(TestNG.java:1115)
	at com.console.Execute.run(Execute.java:89)
	at com.console.RunConsole.console(RunConsole.java:66)
	at com.console.Main.main(Main.java:88)
]]>
            </full-stacktrace>
          </exception> <!-- java.lang.AssertionError -->
          <reporter-output>
          </reporter-output>
        </test-method> <!-- runScript -->
        <test-method is-config="true" signature="SetUp()[pri:0, instance:com.console.RunScript@38e83838]" started-at="2021-03-05T20:56:38Z" name="SetUp" finished-at="2021-03-05T20:56:38Z" duration-ms="0" status="PASS">
          <reporter-output>
          </reporter-output>
        </test-method> <!-- SetUp -->
        <test-method is-config="true" signature="TearDown()[pri:0, instance:com.console.RunScript@38e83838]" started-at="2021-03-05T20:56:38Z" name="TearDown" finished-at="2021-03-05T20:56:38Z" duration-ms="0" status="PASS">
          <reporter-output>
          </reporter-output>
        </test-method> <!-- TearDown -->
      </class> <!-- com.console.RunScript -->
    </test> <!-- 9001-9500 Smoke/T9302 Upload Documents to a Content Module -->
    <test started-at="2021-03-06T01:56:38Z" name="9001-9500 Smoke/T9303 Share a Content Module" finished-at="2021-03-06T01:56:38Z" duration-ms="46">
      <class name="com.console.RunScript">
        <test-method is-config="true" signature="SetUp()[pri:0, instance:com.console.RunScript@5aa76ad2]" started-at="2021-03-05T20:56:38Z" name="SetUp" finished-at="2021-03-05T20:56:38Z" duration-ms="1" status="PASS">
          <reporter-output>
          </reporter-output>
        </test-method> <!-- SetUp -->
        <test-method signature="runScript(java.lang.String)[pri:0, instance:com.console.RunScript@5aa76ad2]" started-at="2021-03-05T20:56:38Z" name="runScript" finished-at="2021-03-05T20:56:38Z" duration-ms="44" status="FAIL">
          <params>
            <param index="0">
              <value>
                <![CDATA[temp/Scripts/9001-9500 Smoke/T9303 Share a Content Module/Script1590863597175.groovy]]>
              </value>
            </param>
          </params>
          <exception class="java.lang.AssertionError">
            <message>
              <![CDATA[setup() failed:groovy.lang.MissingPropertyException: No such property: portal_url for class: internal.GlobalVariable]]>
            </message>
            <full-stacktrace>
              <![CDATA[java.lang.AssertionError: setup() failed:groovy.lang.MissingPropertyException: No such property: portal_url for class: internal.GlobalVariable
	at org.testng.Assert.fail(Assert.java:93)
	at com.console.RunScript.runScript(RunScript.java:44)
	at java.base/jdk.internal.reflect.NativeMethodAccessorImpl.invoke0(Native Method)
	at java.base/jdk.internal.reflect.NativeMethodAccessorImpl.invoke(NativeMethodAccessorImpl.java:64)
	at java.base/jdk.internal.reflect.DelegatingMethodAccessorImpl.invoke(DelegatingMethodAccessorImpl.java:43)
	at java.base/java.lang.reflect.Method.invoke(Method.java:564)
	at org.testng.internal.MethodInvocationHelper.invokeMethod(MethodInvocationHelper.java:108)
	at org.testng.internal.Invoker.invokeMethod(Invoker.java:661)
	at org.testng.internal.Invoker.invokeTestMethod(Invoker.java:869)
	at org.testng.internal.Invoker.invokeTestMethods(Invoker.java:1193)
	at org.testng.internal.TestMethodWorker.invokeTestMethods(TestMethodWorker.java:126)
	at org.testng.internal.TestMethodWorker.run(TestMethodWorker.java:109)
	at org.testng.TestRunner.privateRun(TestRunner.java:744)
	at org.testng.TestRunner.run(TestRunner.java:602)
	at org.testng.SuiteRunner.runTest(SuiteRunner.java:380)
	at org.testng.SuiteRunner.runSequentially(SuiteRunner.java:375)
	at org.testng.SuiteRunner.privateRun(SuiteRunner.java:340)
	at org.testng.SuiteRunner.run(SuiteRunner.java:289)
	at org.testng.SuiteRunnerWorker.runSuite(SuiteRunnerWorker.java:52)
	at org.testng.SuiteRunnerWorker.run(SuiteRunnerWorker.java:86)
	at org.testng.TestNG.runSuitesSequentially(TestNG.java:1301)
	at org.testng.TestNG.runSuitesLocally(TestNG.java:1226)
	at org.testng.TestNG.runSuites(TestNG.java:1144)
	at org.testng.TestNG.run(TestNG.java:1115)
	at com.console.Execute.run(Execute.java:89)
	at com.console.RunConsole.console(RunConsole.java:66)
	at com.console.Main.main(Main.java:88)
]]>
            </full-stacktrace>
          </exception> <!-- java.lang.AssertionError -->
          <reporter-output>
          </reporter-output>
        </test-method> <!-- runScript -->
        <test-method is-config="true" signature="TearDown()[pri:0, instance:com.console.RunScript@5aa76ad2]" started-at="2021-03-05T20:56:38Z" name="TearDown" finished-at="2021-03-05T20:56:38Z" duration-ms="0" status="PASS">
          <reporter-output>
          </reporter-output>
        </test-method> <!-- TearDown -->
      </class> <!-- com.console.RunScript -->
    </test> <!-- 9001-9500 Smoke/T9303 Share a Content Module -->
    <test started-at="2021-03-06T01:56:38Z" name="9001-9500 Smoke/T9304 Create a Survey Module" finished-at="2021-03-06T01:56:38Z" duration-ms="73">
      <class name="com.console.RunScript">
        <test-method is-config="true" signature="SetUp()[pri:0, instance:com.console.RunScript@7abeabe9]" started-at="2021-03-05T20:56:38Z" name="SetUp" finished-at="2021-03-05T20:56:38Z" duration-ms="1" status="PASS">
          <reporter-output>
          </reporter-output>
        </test-method> <!-- SetUp -->
        <test-method signature="runScript(java.lang.String)[pri:0, instance:com.console.RunScript@7abeabe9]" started-at="2021-03-05T20:56:38Z" name="runScript" finished-at="2021-03-05T20:56:38Z" duration-ms="72" status="FAIL">
          <params>
            <param index="0">
              <value>
                <![CDATA[temp/Scripts/9001-9500 Smoke/T9304 Create a Survey Module/Script1590679825331.groovy]]>
              </value>
            </param>
          </params>
          <exception class="java.lang.AssertionError">
            <message>
              <![CDATA[setup() failed:groovy.lang.MissingPropertyException: No such property: portal_url for class: internal.GlobalVariable]]>
            </message>
            <full-stacktrace>
              <![CDATA[java.lang.AssertionError: setup() failed:groovy.lang.MissingPropertyException: No such property: portal_url for class: internal.GlobalVariable
	at org.testng.Assert.fail(Assert.java:93)
	at com.console.RunScript.runScript(RunScript.java:44)
	at java.base/jdk.internal.reflect.NativeMethodAccessorImpl.invoke0(Native Method)
	at java.base/jdk.internal.reflect.NativeMethodAccessorImpl.invoke(NativeMethodAccessorImpl.java:64)
	at java.base/jdk.internal.reflect.DelegatingMethodAccessorImpl.invoke(DelegatingMethodAccessorImpl.java:43)
	at java.base/java.lang.reflect.Method.invoke(Method.java:564)
	at org.testng.internal.MethodInvocationHelper.invokeMethod(MethodInvocationHelper.java:108)
	at org.testng.internal.Invoker.invokeMethod(Invoker.java:661)
	at org.testng.internal.Invoker.invokeTestMethod(Invoker.java:869)
	at org.testng.internal.Invoker.invokeTestMethods(Invoker.java:1193)
	at org.testng.internal.TestMethodWorker.invokeTestMethods(TestMethodWorker.java:126)
	at org.testng.internal.TestMethodWorker.run(TestMethodWorker.java:109)
	at org.testng.TestRunner.privateRun(TestRunner.java:744)
	at org.testng.TestRunner.run(TestRunner.java:602)
	at org.testng.SuiteRunner.runTest(SuiteRunner.java:380)
	at org.testng.SuiteRunner.runSequentially(SuiteRunner.java:375)
	at org.testng.SuiteRunner.privateRun(SuiteRunner.java:340)
	at org.testng.SuiteRunner.run(SuiteRunner.java:289)
	at org.testng.SuiteRunnerWorker.runSuite(SuiteRunnerWorker.java:52)
	at org.testng.SuiteRunnerWorker.run(SuiteRunnerWorker.java:86)
	at org.testng.TestNG.runSuitesSequentially(TestNG.java:1301)
	at org.testng.TestNG.runSuitesLocally(TestNG.java:1226)
	at org.testng.TestNG.runSuites(TestNG.java:1144)
	at org.testng.TestNG.run(TestNG.java:1115)
	at com.console.Execute.run(Execute.java:89)
	at com.console.RunConsole.console(RunConsole.java:66)
	at com.console.Main.main(Main.java:88)
]]>
            </full-stacktrace>
          </exception> <!-- java.lang.AssertionError -->
          <reporter-output>
          </reporter-output>
        </test-method> <!-- runScript -->
        <test-method is-config="true" signature="TearDown()[pri:0, instance:com.console.RunScript@7abeabe9]" started-at="2021-03-05T20:56:38Z" name="TearDown" finished-at="2021-03-05T20:56:38Z" duration-ms="0" status="PASS">
          <reporter-output>
          </reporter-output>
        </test-method> <!-- TearDown -->
      </class> <!-- com.console.RunScript -->
    </test> <!-- 9001-9500 Smoke/T9304 Create a Survey Module -->
    <test started-at="2021-03-06T01:56:38Z" name="9001-9500 Smoke/T9305 Export and import a Training Package" finished-at="2021-03-06T01:56:38Z" duration-ms="53">
      <class name="com.console.RunScript">
        <test-method is-config="true" signature="SetUp()[pri:0, instance:com.console.RunScript@1d2fb82]" started-at="2021-03-05T20:56:38Z" name="SetUp" finished-at="2021-03-05T20:56:38Z" duration-ms="1" status="PASS">
          <reporter-output>
          </reporter-output>
        </test-method> <!-- SetUp -->
        <test-method signature="runScript(java.lang.String)[pri:0, instance:com.console.RunScript@1d2fb82]" started-at="2021-03-05T20:56:38Z" name="runScript" finished-at="2021-03-05T20:56:38Z" duration-ms="50" status="FAIL">
          <params>
            <param index="0">
              <value>
                <![CDATA[temp/Scripts/9001-9500 Smoke/T9305 Export and import a Training Package/Script1590715529228.groovy]]>
              </value>
            </param>
          </params>
          <exception class="java.lang.AssertionError">
            <message>
              <![CDATA[setup() failed:groovy.lang.MissingPropertyException: No such property: portal_url for class: internal.GlobalVariable]]>
            </message>
            <full-stacktrace>
              <![CDATA[java.lang.AssertionError: setup() failed:groovy.lang.MissingPropertyException: No such property: portal_url for class: internal.GlobalVariable
	at org.testng.Assert.fail(Assert.java:93)
	at com.console.RunScript.runScript(RunScript.java:44)
	at java.base/jdk.internal.reflect.NativeMethodAccessorImpl.invoke0(Native Method)
	at java.base/jdk.internal.reflect.NativeMethodAccessorImpl.invoke(NativeMethodAccessorImpl.java:64)
	at java.base/jdk.internal.reflect.DelegatingMethodAccessorImpl.invoke(DelegatingMethodAccessorImpl.java:43)
	at java.base/java.lang.reflect.Method.invoke(Method.java:564)
	at org.testng.internal.MethodInvocationHelper.invokeMethod(MethodInvocationHelper.java:108)
	at org.testng.internal.Invoker.invokeMethod(Invoker.java:661)
	at org.testng.internal.Invoker.invokeTestMethod(Invoker.java:869)
	at org.testng.internal.Invoker.invokeTestMethods(Invoker.java:1193)
	at org.testng.internal.TestMethodWorker.invokeTestMethods(TestMethodWorker.java:126)
	at org.testng.internal.TestMethodWorker.run(TestMethodWorker.java:109)
	at org.testng.TestRunner.privateRun(TestRunner.java:744)
	at org.testng.TestRunner.run(TestRunner.java:602)
	at org.testng.SuiteRunner.runTest(SuiteRunner.java:380)
	at org.testng.SuiteRunner.runSequentially(SuiteRunner.java:375)
	at org.testng.SuiteRunner.privateRun(SuiteRunner.java:340)
	at org.testng.SuiteRunner.run(SuiteRunner.java:289)
	at org.testng.SuiteRunnerWorker.runSuite(SuiteRunnerWorker.java:52)
	at org.testng.SuiteRunnerWorker.run(SuiteRunnerWorker.java:86)
	at org.testng.TestNG.runSuitesSequentially(TestNG.java:1301)
	at org.testng.TestNG.runSuitesLocally(TestNG.java:1226)
	at org.testng.TestNG.runSuites(TestNG.java:1144)
	at org.testng.TestNG.run(TestNG.java:1115)
	at com.console.Execute.run(Execute.java:89)
	at com.console.RunConsole.console(RunConsole.java:66)
	at com.console.Main.main(Main.java:88)
]]>
            </full-stacktrace>
          </exception> <!-- java.lang.AssertionError -->
          <reporter-output>
          </reporter-output>
        </test-method> <!-- runScript -->
        <test-method is-config="true" signature="TearDown()[pri:0, instance:com.console.RunScript@1d2fb82]" started-at="2021-03-05T20:56:38Z" name="TearDown" finished-at="2021-03-05T20:56:38Z" duration-ms="1" status="PASS">
          <reporter-output>
          </reporter-output>
        </test-method> <!-- TearDown -->
      </class> <!-- com.console.RunScript -->
    </test> <!-- 9001-9500 Smoke/T9305 Export and import a Training Package -->
    <test started-at="2021-03-06T01:56:38Z" name="9001-9500 Smoke/T9306 Create a Training Package" finished-at="2021-03-06T01:56:38Z" duration-ms="42">
      <class name="com.console.RunScript">
        <test-method is-config="true" signature="SetUp()[pri:0, instance:com.console.RunScript@11a3a45f]" started-at="2021-03-05T20:56:38Z" name="SetUp" finished-at="2021-03-05T20:56:38Z" duration-ms="0" status="PASS">
          <reporter-output>
          </reporter-output>
        </test-method> <!-- SetUp -->
        <test-method signature="runScript(java.lang.String)[pri:0, instance:com.console.RunScript@11a3a45f]" started-at="2021-03-05T20:56:38Z" name="runScript" finished-at="2021-03-05T20:56:38Z" duration-ms="41" status="FAIL">
          <params>
            <param index="0">
              <value>
                <![CDATA[temp/Scripts/9001-9500 Smoke/T9306 Create a Training Package/Script1590687865514.groovy]]>
              </value>
            </param>
          </params>
          <exception class="java.lang.AssertionError">
            <message>
              <![CDATA[setup() failed:groovy.lang.MissingPropertyException: No such property: portal_url for class: internal.GlobalVariable]]>
            </message>
            <full-stacktrace>
              <![CDATA[java.lang.AssertionError: setup() failed:groovy.lang.MissingPropertyException: No such property: portal_url for class: internal.GlobalVariable
	at org.testng.Assert.fail(Assert.java:93)
	at com.console.RunScript.runScript(RunScript.java:44)
	at jdk.internal.reflect.GeneratedMethodAccessor5.invoke(Unknown Source)
	at java.base/jdk.internal.reflect.DelegatingMethodAccessorImpl.invoke(DelegatingMethodAccessorImpl.java:43)
	at java.base/java.lang.reflect.Method.invoke(Method.java:564)
	at org.testng.internal.MethodInvocationHelper.invokeMethod(MethodInvocationHelper.java:108)
	at org.testng.internal.Invoker.invokeMethod(Invoker.java:661)
	at org.testng.internal.Invoker.invokeTestMethod(Invoker.java:869)
	at org.testng.internal.Invoker.invokeTestMethods(Invoker.java:1193)
	at org.testng.internal.TestMethodWorker.invokeTestMethods(TestMethodWorker.java:126)
	at org.testng.internal.TestMethodWorker.run(TestMethodWorker.java:109)
	at org.testng.TestRunner.privateRun(TestRunner.java:744)
	at org.testng.TestRunner.run(TestRunner.java:602)
	at org.testng.SuiteRunner.runTest(SuiteRunner.java:380)
	at org.testng.SuiteRunner.runSequentially(SuiteRunner.java:375)
	at org.testng.SuiteRunner.privateRun(SuiteRunner.java:340)
	at org.testng.SuiteRunner.run(SuiteRunner.java:289)
	at org.testng.SuiteRunnerWorker.runSuite(SuiteRunnerWorker.java:52)
	at org.testng.SuiteRunnerWorker.run(SuiteRunnerWorker.java:86)
	at org.testng.TestNG.runSuitesSequentially(TestNG.java:1301)
	at org.testng.TestNG.runSuitesLocally(TestNG.java:1226)
	at org.testng.TestNG.runSuites(TestNG.java:1144)
	at org.testng.TestNG.run(TestNG.java:1115)
	at com.console.Execute.run(Execute.java:89)
	at com.console.RunConsole.console(RunConsole.java:66)
	at com.console.Main.main(Main.java:88)
]]>
            </full-stacktrace>
          </exception> <!-- java.lang.AssertionError -->
          <reporter-output>
          </reporter-output>
        </test-method> <!-- runScript -->
        <test-method is-config="true" signature="TearDown()[pri:0, instance:com.console.RunScript@11a3a45f]" started-at="2021-03-05T20:56:38Z" name="TearDown" finished-at="2021-03-05T20:56:38Z" duration-ms="0" status="PASS">
          <reporter-output>
          </reporter-output>
        </test-method> <!-- TearDown -->
      </class> <!-- com.console.RunScript -->
    </test> <!-- 9001-9500 Smoke/T9306 Create a Training Package -->
    <test started-at="2021-03-06T01:56:38Z" name="9001-9500 Smoke/T9307 Upload Documents to a Training Package" finished-at="2021-03-06T01:56:38Z" duration-ms="59">
      <class name="com.console.RunScript">
        <test-method is-config="true" signature="SetUp()[pri:0, instance:com.console.RunScript@1d289d3f]" started-at="2021-03-05T20:56:38Z" name="SetUp" finished-at="2021-03-05T20:56:38Z" duration-ms="0" status="PASS">
          <reporter-output>
          </reporter-output>
        </test-method> <!-- SetUp -->
        <test-method signature="runScript(java.lang.String)[pri:0, instance:com.console.RunScript@1d289d3f]" started-at="2021-03-05T20:56:38Z" name="runScript" finished-at="2021-03-05T20:56:38Z" duration-ms="58" status="FAIL">
          <params>
            <param index="0">
              <value>
                <![CDATA[temp/Scripts/9001-9500 Smoke/T9307 Upload Documents to a Training Package/Script1594050586430.groovy]]>
              </value>
            </param>
          </params>
          <exception class="java.lang.AssertionError">
            <message>
              <![CDATA[setup() failed:groovy.lang.MissingPropertyException: No such property: portal_url for class: internal.GlobalVariable]]>
            </message>
            <full-stacktrace>
              <![CDATA[java.lang.AssertionError: setup() failed:groovy.lang.MissingPropertyException: No such property: portal_url for class: internal.GlobalVariable
	at org.testng.Assert.fail(Assert.java:93)
	at com.console.RunScript.runScript(RunScript.java:44)
	at jdk.internal.reflect.GeneratedMethodAccessor5.invoke(Unknown Source)
	at java.base/jdk.internal.reflect.DelegatingMethodAccessorImpl.invoke(DelegatingMethodAccessorImpl.java:43)
	at java.base/java.lang.reflect.Method.invoke(Method.java:564)
	at org.testng.internal.MethodInvocationHelper.invokeMethod(MethodInvocationHelper.java:108)
	at org.testng.internal.Invoker.invokeMethod(Invoker.java:661)
	at org.testng.internal.Invoker.invokeTestMethod(Invoker.java:869)
	at org.testng.internal.Invoker.invokeTestMethods(Invoker.java:1193)
	at org.testng.internal.TestMethodWorker.invokeTestMethods(TestMethodWorker.java:126)
	at org.testng.internal.TestMethodWorker.run(TestMethodWorker.java:109)
	at org.testng.TestRunner.privateRun(TestRunner.java:744)
	at org.testng.TestRunner.run(TestRunner.java:602)
	at org.testng.SuiteRunner.runTest(SuiteRunner.java:380)
	at org.testng.SuiteRunner.runSequentially(SuiteRunner.java:375)
	at org.testng.SuiteRunner.privateRun(SuiteRunner.java:340)
	at org.testng.SuiteRunner.run(SuiteRunner.java:289)
	at org.testng.SuiteRunnerWorker.runSuite(SuiteRunnerWorker.java:52)
	at org.testng.SuiteRunnerWorker.run(SuiteRunnerWorker.java:86)
	at org.testng.TestNG.runSuitesSequentially(TestNG.java:1301)
	at org.testng.TestNG.runSuitesLocally(TestNG.java:1226)
	at org.testng.TestNG.runSuites(TestNG.java:1144)
	at org.testng.TestNG.run(TestNG.java:1115)
	at com.console.Execute.run(Execute.java:89)
	at com.console.RunConsole.console(RunConsole.java:66)
	at com.console.Main.main(Main.java:88)
]]>
            </full-stacktrace>
          </exception> <!-- java.lang.AssertionError -->
          <reporter-output>
          </reporter-output>
        </test-method> <!-- runScript -->
        <test-method is-config="true" signature="TearDown()[pri:0, instance:com.console.RunScript@1d289d3f]" started-at="2021-03-05T20:56:38Z" name="TearDown" finished-at="2021-03-05T20:56:38Z" duration-ms="0" status="PASS">
          <reporter-output>
          </reporter-output>
        </test-method> <!-- TearDown -->
      </class> <!-- com.console.RunScript -->
    </test> <!-- 9001-9500 Smoke/T9307 Upload Documents to a Training Package -->
  </suite> <!-- TmpSuite -->
</testng-results>
